# JRE version: Java(TM) SE Runtime Environment (8.0_241-b07) (build 1.8.0_241-b07)
# Java VM: Java HotSpot(TM) 64-Bit Server VM (25.241-b07 mixed mode windows-amd64 compressed oops)
Heap:
 PSYoungGen      total 29696K, used 9367K [0x00000000d6200000, 0x00000000d8c80000, 0x0000000100000000)
  eden space 29184K, 31% used [0x00000000d6200000,0x00000000d6b15e18,0x00000000d7e80000)
  from space 512K, 12% used [0x00000000d7f00000,0x00000000d7f10000,0x00000000d7f80000)
  to   space 7168K, 0% used [0x00000000d8580000,0x00000000d8580000,0x00000000d8c80000)
 ParOldGen       total 129536K, used 29730K [0x0000000082600000, 0x000000008a480000, 0x00000000d6200000)
  object space 129536K, 22% used [0x0000000082600000,0x0000000084308bb8,0x000000008a480000)
 Metaspace       used 20359K, capacity 20629K, committed 20864K, reserved 1067008K
  class space    used 2334K, capacity 2404K, committed 2432K, reserved 1048576K
GC Heap History (10 events):
Event: 16.574 GC heap before
{Heap before GC invocations=8 (full 1):
 PSYoungGen      total 38400K, used 36293K [0x00000000d6200000, 0x00000000d8f00000, 0x0000000100000000)
  eden space 31744K, 97% used [0x00000000d6200000,0x00000000d8060888,0x00000000d8100000)
  from space 6656K, 77% used [0x00000000d8800000,0x00000000d8d10cd8,0x00000000d8e80000)
  to   space 7168K, 0% used [0x00000000d8100000,0x00000000d8100000,0x00000000d8800000)
 ParOldGen       total 129536K, used 24577K [0x0000000082600000, 0x000000008a480000, 0x00000000d6200000)
  object space 129536K, 18% used [0x0000000082600000,0x0000000083e00590,0x000000008a480000)
 Metaspace       used 19765K, capacity 20063K, committed 20352K, reserved 1067008K
  class space    used 2304K, capacity 2396K, committed 2432K, reserved 1048576K
Event: 16.576 GC heap after
Heap after GC invocations=8 (full 1):
 PSYoungGen      total 35328K, used 3921K [0x00000000d6200000, 0x00000000d8d80000, 0x0000000100000000)
  eden space 31232K, 0% used [0x00000000d6200000,0x00000000d6200000,0x00000000d8080000)
  from space 4096K, 95% used [0x00000000d8100000,0x00000000d84d4548,0x00000000d8500000)
  to   space 6656K, 0% used [0x00000000d8700000,0x00000000d8700000,0x00000000d8d80000)
 ParOldGen       total 129536K, used 24577K [0x0000000082600000, 0x000000008a480000, 0x00000000d6200000)
  object space 129536K, 18% used [0x0000000082600000,0x0000000083e00590,0x000000008a480000)
 Metaspace       used 19765K, capacity 20063K, committed 20352K, reserved 1067008K
  class space    used 2304K, capacity 2396K, committed 2432K, reserved 1048576K
}
Event: 16.953 GC heap before
{Heap before GC invocations=9 (full 1):
 PSYoungGen      total 35328K, used 31738K [0x00000000d6200000, 0x00000000d8d80000, 0x0000000100000000)
  eden space 31232K, 89% used [0x00000000d6200000,0x00000000d7d2a340,0x00000000d8080000)
  from space 4096K, 95% used [0x00000000d8100000,0x00000000d84d4548,0x00000000d8500000)
  to   space 6656K, 0% used [0x00000000d8700000,0x00000000d8700000,0x00000000d8d80000)
 ParOldGen       total 129536K, used 24577K [0x0000000082600000, 0x000000008a480000, 0x00000000d6200000)
  object space 129536K, 18% used [0x0000000082600000,0x0000000083e00590,0x000000008a480000)
 Metaspace       used 19765K, capacity 20063K, committed 20352K, reserved 1067008K
  class space    used 2304K, capacity 2396K, committed 2432K, reserved 1048576K
Event: 16.954 GC heap after
Heap after GC invocations=9 (full 1):
 PSYoungGen      total 36864K, used 1633K [0x00000000d6200000, 0x00000000d8d00000, 0x0000000100000000)
  eden space 30720K, 0% used [0x00000000d6200000,0x00000000d6200000,0x00000000d8000000)
  from space 6144K, 26% used [0x00000000d8700000,0x00000000d8898660,0x00000000d8d00000)
  to   space 6656K, 0% used [0x00000000d8000000,0x00000000d8000000,0x00000000d8680000)
 ParOldGen       total 129536K, used 28148K [0x0000000082600000, 0x000000008a480000, 0x00000000d6200000)
  object space 129536K, 21% used [0x0000000082600000,0x000000008417d378,0x000000008a480000)
 Metaspace       used 19765K, capacity 20063K, committed 20352K, reserved 1067008K
  class space    used 2304K, capacity 2396K, committed 2432K, reserved 1048576K
}
Event: 17.133 GC heap before
{Heap before GC invocations=10 (full 1):
 PSYoungGen      total 36864K, used 27632K [0x00000000d6200000, 0x00000000d8d00000, 0x0000000100000000)
  eden space 30720K, 84% used [0x00000000d6200000,0x00000000d7b63af8,0x00000000d8000000)
  from space 6144K, 26% used [0x00000000d8700000,0x00000000d8898660,0x00000000d8d00000)
  to   space 6656K, 0% used [0x00000000d8000000,0x00000000d8000000,0x00000000d8680000)
 ParOldGen       total 129536K, used 28148K [0x0000000082600000, 0x000000008a480000, 0x00000000d6200000)
  object space 129536K, 21% used [0x0000000082600000,0x000000008417d378,0x000000008a480000)
 Metaspace       used 19765K, capacity 20063K, committed 20352K, reserved 1067008K
  class space    used 2304K, capacity 2396K, committed 2432K, reserved 1048576K
Event: 17.134 GC heap after
Heap after GC invocations=10 (full 1):
 PSYoungGen      total 31744K, used 1143K [0x00000000d6200000, 0x00000000d8c80000, 0x0000000100000000)
  eden space 30208K, 0% used [0x00000000d6200000,0x00000000d6200000,0x00000000d7f80000)
  from space 1536K, 74% used [0x00000000d8000000,0x00000000d811dcb0,0x00000000d8180000)
  to   space 6656K, 0% used [0x00000000d8600000,0x00000000d8600000,0x00000000d8c80000)
 ParOldGen       total 129536K, used 28739K [0x0000000082600000, 0x000000008a480000, 0x00000000d6200000)
  object space 129536K, 22% used [0x0000000082600000,0x0000000084210ed0,0x000000008a480000)
 Metaspace       used 19765K, capacity 20063K, committed 20352K, reserved 1067008K
  class space    used 2304K, capacity 2396K, committed 2432K, reserved 1048576K
}
Event: 17.479 GC heap before
{Heap before GC invocations=11 (full 1):
 PSYoungGen      total 31744K, used 28933K [0x00000000d6200000, 0x00000000d8c80000, 0x0000000100000000)
  eden space 30208K, 91% used [0x00000000d6200000,0x00000000d7d23808,0x00000000d7f80000)
  from space 1536K, 74% used [0x00000000d8000000,0x00000000d811dcb0,0x00000000d8180000)
  to   space 6656K, 0% used [0x00000000d8600000,0x00000000d8600000,0x00000000d8c80000)
 ParOldGen       total 129536K, used 28739K [0x0000000082600000, 0x000000008a480000, 0x00000000d6200000)
  object space 129536K, 22% used [0x0000000082600000,0x0000000084210ed0,0x000000008a480000)
 Metaspace       used 19765K, capacity 20063K, committed 20352K, reserved 1067008K
  class space    used 2304K, capacity 2396K, committed 2432K, reserved 1048576K
Event: 17.480 GC heap after
Heap after GC invocations=11 (full 1):
 PSYoungGen      total 36352K, used 1047K [0x00000000d6200000, 0x00000000d8d00000, 0x0000000100000000)
  eden space 29696K, 0% used [0x00000000d6200000,0x00000000d6200000,0x00000000d7f00000)
  from space 6656K, 15% used [0x00000000d8600000,0x00000000d8705cb0,0x00000000d8c80000)
  to   space 7168K, 0% used [0x00000000d7f00000,0x00000000d7f00000,0x00000000d8600000)
 ParOldGen       total 129536K, used 28747K [0x0000000082600000, 0x000000008a480000, 0x00000000d6200000)
  object space 129536K, 22% used [0x0000000082600000,0x0000000084212ed0,0x000000008a480000)
 Metaspace       used 19765K, capacity 20063K, committed 20352K, reserved 1067008K
  class space    used 2304K, capacity 2396K, committed 2432K, reserved 1048576K
}
Event: 17.651 GC heap before
{Heap before GC invocations=12 (full 1):
 PSYoungGen      total 36352K, used 27021K [0x00000000d6200000, 0x00000000d8d00000, 0x0000000100000000)
  eden space 29696K, 87% used [0x00000000d6200000,0x00000000d7b5da40,0x00000000d7f00000)
  from space 6656K, 15% used [0x00000000d8600000,0x00000000d8705cb0,0x00000000d8c80000)
  to   space 7168K, 0% used [0x00000000d7f00000,0x00000000d7f00000,0x00000000d8600000)
 ParOldGen       total 129536K, used 28747K [0x0000000082600000, 0x000000008a480000, 0x00000000d6200000)
  object space 129536K, 22% used [0x0000000082600000,0x0000000084212ed0,0x000000008a480000)
 Metaspace       used 19766K, capacity 20063K, committed 20352K, reserved 1067008K
  class space    used 2304K, capacity 2396K, committed 2432K, reserved 1048576K
Event: 17.652 GC heap after
Heap after GC invocations=12 (full 1):
 PSYoungGen      total 29696K, used 64K [0x00000000d6200000, 0x00000000d8c80000, 0x0000000100000000)
  eden space 29184K, 0% used [0x00000000d6200000,0x00000000d6200000,0x00000000d7e80000)
  from space 512K, 12% used [0x00000000d7f00000,0x00000000d7f10000,0x00000000d7f80000)
  to   space 7168K, 0% used [0x00000000d8580000,0x00000000d8580000,0x00000000d8c80000)
 ParOldGen       total 129536K, used 29730K [0x0000000082600000, 0x000000008a480000, 0x00000000d6200000)
  object space 129536K, 22% used [0x0000000082600000,0x0000000084308bb8,0x000000008a480000)
 Metaspace       used 19766K, capacity 20063K, committed 20352K, reserved 1067008K
  class space    used 2304K, capacity 2396K, committed 2432K, reserved 1048576K
}

